{
"/Users/al/Desktop/electrode/electrode/src/client/actions/index.jsx":{"path":"/Users/al/Desktop/electrode/electrode/src/client/actions/index.jsx","s":{"1":1,"2":1,"3":0,"4":1,"5":0,"6":1,"7":0,"8":1,"9":1,"10":1,"11":0,"12":0,"13":0},"b":{"1":[1,0]},"f":{"1":0,"2":0,"3":0,"4":1},"fnMap":{"1":{"name":"toggleCheck","line":4,"loc":{"start":{"line":1,"column":27},"end":{"line":1,"column":33}}},"2":{"name":"incNumber","line":10,"loc":{"start":{"line":7,"column":25},"end":{"line":7,"column":31}}},"3":{"name":"decNumber","line":16,"loc":{"start":{"line":13,"column":25},"end":{"line":13,"column":31}}},"4":{"name":"(anonymous_4)","line":23,"loc":{"start":{"line":0,"column":0},"end":{"line":0,"column":0},"skip":true},"skip":true}},"statementMap":{"1":{"start":{"line":0,"column":0},"end":{"line":0,"column":0},"skip":true},"2":{"start":{"line":1,"column":7},"end":{"line":1,"column":7}},"3":{"start":{"line":2,"column":2},"end":{"line":2,"column":2}},"4":{"start":{"line":7,"column":7},"end":{"line":7,"column":7}},"5":{"start":{"line":8,"column":2},"end":{"line":8,"column":2}},"6":{"start":{"line":13,"column":7},"end":{"line":13,"column":7}},"7":{"start":{"line":14,"column":2},"end":{"line":14,"column":2}},"8":{"start":{"line":0,"column":0},"end":{"line":0,"column":0},"skip":true},"9":{"start":{"line":0,"column":0},"end":{"line":0,"column":0},"skip":true},"10":{"start":{"line":0,"column":0},"end":{"line":0,"column":0},"skip":true},"11":{"start":{"line":0,"column":0},"end":{"line":0,"column":0},"skip":true},"12":{"start":{"line":0,"column":0},"end":{"line":0,"column":0},"skip":true},"13":{"start":{"line":0,"column":0},"end":{"line":0,"column":0},"skip":true}},"branchMap":{"1":{"line":24,"type":"if","locations":[{"start":{"line":0,"column":0},"end":{"line":0,"column":0},"skip":true},{"start":{"line":0,"column":0},"end":{"line":0,"column":0},"skip":true}]}},"code":["export const toggleCheck = () => {","  return {","    type: \"TOGGLE_CHECK\"","  };","};","","export const incNumber = () => {","  return {","    type: \"INC_NUMBER\"","  };","};","","export const decNumber = () => {","  return {","    type: \"DEC_NUMBER\"","  };","};",""],"l":{"0":1,"1":1,"2":0,"7":1,"8":0,"13":1,"14":0}},
"/Users/al/Desktop/electrode/electrode/src/client/components/demo-buttons.jsx":{"path":"/Users/al/Desktop/electrode/electrode/src/client/components/demo-buttons.jsx","s":{"1":1,"2":1,"3":1,"4":1,"5":1,"6":1,"7":1,"8":1,"9":1,"10":3,"11":1,"12":1,"13":1,"14":1,"15":1,"16":0},"b":{"1":[0,3],"2":[3,3],"3":[1,0]},"f":{"1":3,"2":1,"3":1},"fnMap":{"1":{"name":"_interopRequireDefault","line":18,"loc":{"start":{"line":0,"column":0},"end":{"line":0,"column":0},"skip":true},"skip":true},"2":{"name":"DemoButtons","line":24,"loc":{"start":{"line":9,"column":27},"end":{"line":9,"column":27}}},"3":{"name":"(anonymous_3)","line":74,"loc":{"start":{"line":0,"column":0},"end":{"line":0,"column":0},"skip":true},"skip":true}},"statementMap":{"1":{"start":{"line":0,"column":0},"end":{"line":0,"column":0},"skip":true},"2":{"start":{"line":0,"column":0},"end":{"line":0,"column":0},"skip":true},"3":{"start":{"line":1,"column":0},"end":{"line":1,"column":0}},"4":{"start":{"line":0,"column":0},"end":{"line":0,"column":0},"skip":true},"5":{"start":{"line":2,"column":0},"end":{"line":2,"column":0}},"6":{"start":{"line":0,"column":0},"end":{"line":0,"column":0},"skip":true},"7":{"start":{"line":3,"column":0},"end":{"line":3,"column":0}},"8":{"start":{"line":0,"column":0},"end":{"line":0,"column":0},"skip":true},"9":{"start":{"line":0,"column":0},"end":{"line":0,"column":0},"skip":true},"10":{"start":{"line":0,"column":0},"end":{"line":0,"column":0},"skip":true},"11":{"start":{"line":9,"column":7},"end":{"line":9,"column":7}},"12":{"start":{"line":9,"column":27},"end":{"line":9,"column":27}},"13":{"start":{"line":0,"column":0},"end":{"line":0,"column":0},"skip":true},"14":{"start":{"line":0,"column":0},"end":{"line":0,"column":0},"skip":true},"15":{"start":{"line":0,"column":0},"end":{"line":0,"column":0},"skip":true},"16":{"start":{"line":0,"column":0},"end":{"line":0,"column":0},"skip":true}},"branchMap":{"1":{"line":18,"type":"cond-expr","locations":[{"start":{"line":0,"column":0},"end":{"line":0,"column":0},"skip":true},{"start":{"line":0,"column":0},"end":{"line":0,"column":0},"skip":true}]},"2":{"line":18,"type":"binary-expr","locations":[{"start":{"line":0,"column":0},"end":{"line":0,"column":0},"skip":true},{"start":{"line":0,"column":0},"end":{"line":0,"column":0},"skip":true}]},"3":{"line":75,"type":"if","locations":[{"start":{"line":0,"column":0},"end":{"line":0,"column":0},"skip":true},{"start":{"line":0,"column":0},"end":{"line":0,"column":0},"skip":true}]}},"code":["import React from \"react\";","import skeleton from \"../styles/skeleton.css\";","import custom from \"../styles/custom.css\";","","/*"," * Demostrates a simple pure functional component"," */","","export const DemoButtons = () =>","  <div>","    <h6 className={custom[\"docs-header\"]}>","      demo CSS modules with buttons from <a href=\"http://getskeleton.com/\">skeleton</a>","    </h6>","    <div className={custom[\"docs-example\"]}>","      <a className={skeleton.button} href=\"#\">Anchor button</a>","      <button>Button element</button>","      <input type=\"submit\" value=\"submit input\" />","      <input type=\"button\" value=\"button input\" />","    </div>","    <div className={custom[\"docs-example\"]}>","      <a className={`${skeleton.button} ${skeleton[\"button-primary\"]}`} href=\"#\">","        Anchor button","      </a>","      <button className={skeleton[\"button-primary\"]}>Button element</button>","      <input className={skeleton[\"button-primary\"]} type=\"submit\" value=\"submit input\" />","      <input className={skeleton[\"button-primary\"]} type=\"button\" value=\"button input\" />","    </div>","  </div>;",""],"l":{"0":3,"1":1,"2":1,"3":1,"9":1}},
"/Users/al/Desktop/electrode/electrode/src/client/components/demo-pure-states.jsx":{"path":"/Users/al/Desktop/electrode/electrode/src/client/components/demo-pure-states.jsx","s":{"1":1,"2":1,"3":1,"4":1,"5":1,"6":1,"7":1,"8":1,"9":1,"10":1,"11":3,"12":1,"13":1,"14":1,"15":0,"16":0,"17":0,"18":1,"19":1,"20":1,"21":1,"22":1,"23":1,"24":1,"25":1,"26":1,"27":0,"28":0,"29":0},"b":{"1":[0,3],"2":[3,3],"3":[0,1],"4":[1,0]},"f":{"1":3,"2":1,"3":0,"4":0,"5":0,"6":1,"7":1,"8":1},"fnMap":{"1":{"name":"_interopRequireDefault","line":21,"loc":{"start":{"line":0,"column":0},"end":{"line":0,"column":0},"skip":true},"skip":true},"2":{"name":"DemoPureStates","line":23,"loc":{"start":{"line":12,"column":23},"end":{"line":12,"column":32}}},"3":{"name":"onChange","line":40,"loc":{"start":{"line":19,"column":18},"end":{"line":19,"column":18}}},"4":{"name":"onClick","line":62,"loc":{"start":{"line":29,"column":25},"end":{"line":29,"column":25}}},"5":{"name":"onClick","line":74,"loc":{"start":{"line":33,"column":25},"end":{"line":33,"column":25}}},"6":{"name":"mapStateToProps","line":92,"loc":{"start":{"line":45,"column":24},"end":{"line":45,"column":33}}},"7":{"name":"(anonymous_7)","line":99,"loc":{"start":{"line":52,"column":40},"end":{"line":52,"column":40}}},"8":{"name":"(anonymous_8)","line":106,"loc":{"start":{"line":0,"column":0},"end":{"line":0,"column":0},"skip":true},"skip":true}},"statementMap":{"1":{"start":{"line":0,"column":0},"end":{"line":0,"column":0},"skip":true},"2":{"start":{"line":6,"column":0},"end":{"line":6,"column":0}},"3":{"start":{"line":0,"column":0},"end":{"line":0,"column":0},"skip":true},"4":{"start":{"line":7,"column":0},"end":{"line":7,"column":0}},"5":{"start":{"line":0,"column":0},"end":{"line":0,"column":0},"skip":true},"6":{"start":{"line":8,"column":0},"end":{"line":8,"column":0}},"7":{"start":{"line":9,"column":0},"end":{"line":9,"column":0}},"8":{"start":{"line":10,"column":0},"end":{"line":10,"column":0}},"9":{"start":{"line":0,"column":0},"end":{"line":0,"column":0},"skip":true},"10":{"start":{"line":0,"column":0},"end":{"line":0,"column":0},"skip":true},"11":{"start":{"line":0,"column":0},"end":{"line":0,"column":0},"skip":true},"12":{"start":{"line":0,"column":0},"end":{"line":0,"column":0},"skip":true},"13":{"start":{"line":12,"column":32},"end":{"line":12,"column":32}},"14":{"start":{"line":14,"column":2},"end":{"line":14,"column":2}},"15":{"start":{"line":19,"column":18},"end":{"line":19,"column":18}},"16":{"start":{"line":29,"column":25},"end":{"line":29,"column":25}},"17":{"start":{"line":33,"column":25},"end":{"line":33,"column":25}},"18":{"start":{"line":39,"column":0},"end":{"line":39,"column":0}},"19":{"start":{"line":45,"column":0},"end":{"line":45,"column":0}},"20":{"start":{"line":46,"column":2},"end":{"line":46,"column":2}},"21":{"start":{"line":0,"column":0},"end":{"line":0,"column":0},"skip":true},"22":{"start":{"line":52,"column":40},"end":{"line":52,"column":40}},"23":{"start":{"line":0,"column":0},"end":{"line":0,"column":0},"skip":true},"24":{"start":{"line":0,"column":0},"end":{"line":0,"column":0},"skip":true},"25":{"start":{"line":0,"column":0},"end":{"line":0,"column":0},"skip":true},"26":{"start":{"line":0,"column":0},"end":{"line":0,"column":0},"skip":true},"27":{"start":{"line":0,"column":0},"end":{"line":0,"column":0},"skip":true},"28":{"start":{"line":0,"column":0},"end":{"line":0,"column":0},"skip":true},"29":{"start":{"line":0,"column":0},"end":{"line":0,"column":0},"skip":true}},"branchMap":{"1":{"line":21,"type":"cond-expr","locations":[{"start":{"line":0,"column":0},"end":{"line":0,"column":0},"skip":true},{"start":{"line":0,"column":0},"end":{"line":0,"column":0},"skip":true}]},"2":{"line":21,"type":"binary-expr","locations":[{"start":{"line":0,"column":0},"end":{"line":0,"column":0},"skip":true},{"start":{"line":0,"column":0},"end":{"line":0,"column":0},"skip":true}]},"3":{"line":55,"type":"cond-expr","locations":[{"start":{"line":26,"column":19},"end":{"line":26,"column":9}},{"start":{"line":26,"column":31},"end":{"line":26,"column":31}}]},"4":{"line":107,"type":"if","locations":[{"start":{"line":0,"column":0},"end":{"line":0,"column":0},"skip":true},{"start":{"line":0,"column":0},"end":{"line":0,"column":0},"skip":true}]}},"code":["/*"," * This is the exact same component as in demo-states.jsx except implemented"," * with a pure functional component."," */","","import React from \"react\";","import PropTypes from \"prop-types\";","import { connect } from \"react-redux\";","import { toggleCheck, incNumber, decNumber } from \"../actions\";","import custom from \"../styles/custom.css\";","","const DemoPureStates = props => {","  const { checked, value, dispatch } = props;","  return (","    <div>","      <h6 className={custom[\"docs-header\"]}>Demo Managing States in Pure Functional Component</h6>","      <label","        style={{ display: \"inline-block\", textAlign: \"center\" }}","        onChange={() => dispatch(toggleCheck())}","        checked={checked}","      >","        <input type=\"checkbox\" checked={checked} />","        <span className={custom[\"label-body\"]}> checkbox </span>","      </label>","      <div style={{ width: \"10rem\", display: \"inline-block\", textAlign: \"center\" }}>","        {checked ? \"checked\" : \"unchecked\"}","      </div>","      <div>","        <button onClick={() => dispatch(decNumber())}>&#8810;</button>","        <div style={{ width: \"6rem\", display: \"inline-block\", textAlign: \"center\" }}>","          {value}","        </div>","        <button onClick={() => dispatch(incNumber())}>&#8811;</button>","      </div>","    </div>","  );","};","","DemoPureStates.propTypes = {","  checked: PropTypes.bool,","  value: PropTypes.number.isRequired,","  dispatch: PropTypes.func.isRequired","};","","const mapStateToProps = state => {","  return {","    checked: state.checkBox.checked,","    value: state.number.value","  };","};","","export default connect(mapStateToProps, dispatch => ({ dispatch }))(DemoPureStates);",""],"l":{"0":3,"6":1,"7":1,"8":1,"9":1,"10":1,"12":1,"14":1,"19":0,"29":0,"33":0,"39":1,"45":1,"46":1,"52":1}},
"/Users/al/Desktop/electrode/electrode/src/client/components/demo-states.jsx":{"path":"/Users/al/Desktop/electrode/electrode/src/client/components/demo-states.jsx","s":{"1":1,"2":1,"3":1,"4":1,"5":1,"6":1,"7":1,"8":1,"9":1,"10":1,"11":1,"12":1,"13":1,"14":1,"15":1,"16":1,"17":1,"18":1,"19":1,"20":1,"21":8,"22":1,"23":1,"24":1,"25":1,"26":1,"27":1,"28":1,"29":1,"30":0,"31":0,"32":0,"33":1,"34":1,"35":1,"36":1,"37":1,"38":1,"39":1,"40":1,"41":1,"42":1,"43":0,"44":0,"45":0},"b":{"1":[5,3],"2":[8,8],"3":[1,0],"4":[0,1],"5":[1,0]},"f":{"1":8,"2":1,"3":1,"4":1,"5":0,"6":0,"7":0,"8":1,"9":1,"10":1},"fnMap":{"1":{"name":"_interopRequireDefault","line":41,"loc":{"start":{"line":0,"column":0},"end":{"line":0,"column":0},"skip":true},"skip":true},"2":{"name":"(anonymous_2)","line":43,"loc":{"start":{"line":0,"column":0},"end":{"line":0,"column":0},"skip":true},"skip":true},"3":{"name":"DemoStates","line":46,"loc":{"start":{"line":0,"column":0},"end":{"line":0,"column":0},"skip":true},"skip":true},"4":{"name":"render","line":53,"loc":{"start":{"line":0,"column":0},"end":{"line":0,"column":0},"skip":true},"skip":true},"5":{"name":"onChange","line":71,"loc":{"start":{"line":15,"column":20},"end":{"line":15,"column":20}}},"6":{"name":"onClick","line":93,"loc":{"start":{"line":25,"column":27},"end":{"line":25,"column":27}}},"7":{"name":"onClick","line":105,"loc":{"start":{"line":29,"column":27},"end":{"line":29,"column":27}}},"8":{"name":"mapStateToProps","line":123,"loc":{"start":{"line":42,"column":24},"end":{"line":42,"column":33}}},"9":{"name":"(anonymous_9)","line":130,"loc":{"start":{"line":49,"column":40},"end":{"line":49,"column":40}}},"10":{"name":"(anonymous_10)","line":137,"loc":{"start":{"line":0,"column":0},"end":{"line":0,"column":0},"skip":true},"skip":true}},"statementMap":{"1":{"start":{"line":0,"column":0},"end":{"line":0,"column":0},"skip":true},"2":{"start":{"line":0,"column":0},"end":{"line":0,"column":0},"skip":true},"3":{"start":{"line":0,"column":0},"end":{"line":0,"column":0},"skip":true},"4":{"start":{"line":0,"column":0},"end":{"line":0,"column":0},"skip":true},"5":{"start":{"line":0,"column":0},"end":{"line":0,"column":0},"skip":true},"6":{"start":{"line":0,"column":0},"end":{"line":0,"column":0},"skip":true},"7":{"start":{"line":0,"column":0},"end":{"line":0,"column":0},"skip":true},"8":{"start":{"line":0,"column":0},"end":{"line":0,"column":0},"skip":true},"9":{"start":{"line":0,"column":0},"end":{"line":0,"column":0},"skip":true},"10":{"start":{"line":0,"column":0},"end":{"line":0,"column":0},"skip":true},"11":{"start":{"line":0,"column":0},"end":{"line":0,"column":0},"skip":true},"12":{"start":{"line":1,"column":0},"end":{"line":1,"column":0}},"13":{"start":{"line":0,"column":0},"end":{"line":0,"column":0},"skip":true},"14":{"start":{"line":2,"column":0},"end":{"line":2,"column":0}},"15":{"start":{"line":0,"column":0},"end":{"line":0,"column":0},"skip":true},"16":{"start":{"line":3,"column":0},"end":{"line":3,"column":0}},"17":{"start":{"line":4,"column":0},"end":{"line":4,"column":0}},"18":{"start":{"line":5,"column":0},"end":{"line":5,"column":0}},"19":{"start":{"line":0,"column":0},"end":{"line":0,"column":0},"skip":true},"20":{"start":{"line":0,"column":0},"end":{"line":0,"column":0},"skip":true},"21":{"start":{"line":0,"column":0},"end":{"line":0,"column":0},"skip":true},"22":{"start":{"line":0,"column":0},"end":{"line":0,"column":0},"skip":true},"23":{"start":{"line":0,"column":0},"end":{"line":0,"column":0},"skip":true},"24":{"start":{"line":0,"column":0},"end":{"line":0,"column":0},"skip":true},"25":{"start":{"line":0,"column":0},"end":{"line":0,"column":0},"skip":true},"26":{"start":{"line":0,"column":0},"end":{"line":0,"column":0},"skip":true},"27":{"start":{"line":0,"column":0},"end":{"line":0,"column":0},"skip":true},"28":{"start":{"line":8,"column":11},"end":{"line":8,"column":11}},"29":{"start":{"line":10,"column":4},"end":{"line":10,"column":4}},"30":{"start":{"line":15,"column":20},"end":{"line":15,"column":20}},"31":{"start":{"line":25,"column":27},"end":{"line":25,"column":27}},"32":{"start":{"line":29,"column":27},"end":{"line":29,"column":27}},"33":{"start":{"line":0,"column":0},"end":{"line":0,"column":0},"skip":true},"34":{"start":{"line":36,"column":0},"end":{"line":36,"column":0}},"35":{"start":{"line":42,"column":0},"end":{"line":42,"column":0}},"36":{"start":{"line":43,"column":2},"end":{"line":43,"column":2}},"37":{"start":{"line":0,"column":0},"end":{"line":0,"column":0},"skip":true},"38":{"start":{"line":49,"column":40},"end":{"line":49,"column":40}},"39":{"start":{"line":0,"column":0},"end":{"line":0,"column":0},"skip":true},"40":{"start":{"line":0,"column":0},"end":{"line":0,"column":0},"skip":true},"41":{"start":{"line":0,"column":0},"end":{"line":0,"column":0},"skip":true},"42":{"start":{"line":0,"column":0},"end":{"line":0,"column":0},"skip":true},"43":{"start":{"line":0,"column":0},"end":{"line":0,"column":0},"skip":true},"44":{"start":{"line":0,"column":0},"end":{"line":0,"column":0},"skip":true},"45":{"start":{"line":0,"column":0},"end":{"line":0,"column":0},"skip":true}},"branchMap":{"1":{"line":41,"type":"cond-expr","locations":[{"start":{"line":0,"column":0},"end":{"line":0,"column":0},"skip":true},{"start":{"line":0,"column":0},"end":{"line":0,"column":0},"skip":true}]},"2":{"line":41,"type":"binary-expr","locations":[{"start":{"line":0,"column":0},"end":{"line":0,"column":0},"skip":true},{"start":{"line":0,"column":0},"end":{"line":0,"column":0},"skip":true}]},"3":{"line":48,"type":"binary-expr","locations":[{"start":{"line":0,"column":0},"end":{"line":0,"column":0},"skip":true},{"start":{"line":0,"column":0},"end":{"line":0,"column":0},"skip":true}]},"4":{"line":86,"type":"cond-expr","locations":[{"start":{"line":22,"column":21},"end":{"line":22,"column":11}},{"start":{"line":22,"column":33},"end":{"line":22,"column":33}}]},"5":{"line":138,"type":"if","locations":[{"start":{"line":0,"column":0},"end":{"line":0,"column":0},"skip":true},{"start":{"line":0,"column":0},"end":{"line":0,"column":0},"skip":true}]}},"code":["import React from \"react\";","import PropTypes from \"prop-types\";","import { connect } from \"react-redux\";","import { toggleCheck, incNumber, decNumber } from \"../actions\";","import custom from \"../styles/custom.css\";","","class DemoStates extends React.Component {","  render() {","    const { checked, value, dispatch } = this.props;","    return (","      <div>","        <h6 className={custom[\"docs-header\"]}>Demo Managing States with Redux</h6>","        <label","          style={{ display: \"inline-block\", textAlign: \"center\" }}","          onChange={() => dispatch(toggleCheck())}","          checked={checked}","        >","          <input type=\"checkbox\" checked={checked} />","          <span className={custom[\"label-body\"]}> checkbox </span>","        </label>","        <div style={{ width: \"10rem\", display: \"inline-block\", textAlign: \"center\" }}>","          {checked ? \"checked\" : \"unchecked\"}","        </div>","        <div>","          <button onClick={() => dispatch(decNumber())}>&#8810;</button>","          <div style={{ width: \"6rem\", display: \"inline-block\", textAlign: \"center\" }}>","            {value}","          </div>","          <button onClick={() => dispatch(incNumber())}>&#8811;</button>","        </div>","      </div>","    );","  }","}","","DemoStates.propTypes = {","  checked: PropTypes.bool,","  value: PropTypes.number.isRequired,","  dispatch: PropTypes.func.isRequired","};","","const mapStateToProps = state => {","  return {","    checked: state.checkBox.checked,","    value: state.number.value","  };","};","","export default connect(mapStateToProps, dispatch => ({ dispatch }))(DemoStates);",""],"l":{"0":8,"1":1,"2":1,"3":1,"4":1,"5":1,"8":1,"10":1,"15":0,"25":0,"29":0,"36":1,"42":1,"43":1,"49":1}},
"/Users/al/Desktop/electrode/electrode/src/client/components/home.jsx":{"path":"/Users/al/Desktop/electrode/electrode/src/client/components/home.jsx","s":{"1":1,"2":1,"3":1,"4":1,"5":1,"6":1,"7":1,"8":1,"9":1,"10":1,"11":1,"12":1,"13":1,"14":1,"15":1,"16":1,"17":1,"18":1,"19":1,"20":7,"21":1,"22":1,"23":1,"24":1,"25":1,"26":1,"27":0},"b":{"1":[3,4],"2":[7,7],"3":[1,0]},"f":{"1":7,"2":1,"3":1},"fnMap":{"1":{"name":"_interopRequireDefault","line":39,"loc":{"start":{"line":0,"column":0},"end":{"line":0,"column":0},"skip":true},"skip":true},"2":{"name":"_default","line":59,"loc":{"start":{"line":30,"column":15},"end":{"line":30,"column":15}}},"3":{"name":"(anonymous_3)","line":104,"loc":{"start":{"line":0,"column":0},"end":{"line":0,"column":0},"skip":true},"skip":true}},"statementMap":{"1":{"start":{"line":0,"column":0},"end":{"line":0,"column":0},"skip":true},"2":{"start":{"line":17,"column":0},"end":{"line":17,"column":0}},"3":{"start":{"line":0,"column":0},"end":{"line":0,"column":0},"skip":true},"4":{"start":{"line":18,"column":0},"end":{"line":18,"column":0}},"5":{"start":{"line":19,"column":0},"end":{"line":19,"column":0}},"6":{"start":{"line":20,"column":0},"end":{"line":20,"column":0}},"7":{"start":{"line":0,"column":0},"end":{"line":0,"column":0},"skip":true},"8":{"start":{"line":21,"column":0},"end":{"line":21,"column":0}},"9":{"start":{"line":0,"column":0},"end":{"line":0,"column":0},"skip":true},"10":{"start":{"line":22,"column":0},"end":{"line":22,"column":0}},"11":{"start":{"line":0,"column":0},"end":{"line":0,"column":0},"skip":true},"12":{"start":{"line":23,"column":0},"end":{"line":23,"column":0}},"13":{"start":{"line":0,"column":0},"end":{"line":0,"column":0},"skip":true},"14":{"start":{"line":24,"column":0},"end":{"line":24,"column":0}},"15":{"start":{"line":0,"column":0},"end":{"line":0,"column":0},"skip":true},"16":{"start":{"line":25,"column":0},"end":{"line":25,"column":0}},"17":{"start":{"line":27,"column":0},"end":{"line":27,"column":0}},"18":{"start":{"line":0,"column":0},"end":{"line":0,"column":0},"skip":true},"19":{"start":{"line":0,"column":0},"end":{"line":0,"column":0},"skip":true},"20":{"start":{"line":0,"column":0},"end":{"line":0,"column":0},"skip":true},"21":{"start":{"line":0,"column":0},"end":{"line":0,"column":0},"skip":true},"22":{"start":{"line":30,"column":15},"end":{"line":30,"column":15}},"23":{"start":{"line":0,"column":0},"end":{"line":0,"column":0},"skip":true},"24":{"start":{"line":0,"column":0},"end":{"line":0,"column":0},"skip":true},"25":{"start":{"line":0,"column":0},"end":{"line":0,"column":0},"skip":true},"26":{"start":{"line":0,"column":0},"end":{"line":0,"column":0},"skip":true},"27":{"start":{"line":0,"column":0},"end":{"line":0,"column":0},"skip":true}},"branchMap":{"1":{"line":39,"type":"cond-expr","locations":[{"start":{"line":0,"column":0},"end":{"line":0,"column":0},"skip":true},{"start":{"line":0,"column":0},"end":{"line":0,"column":0},"skip":true}]},"2":{"line":39,"type":"binary-expr","locations":[{"start":{"line":0,"column":0},"end":{"line":0,"column":0},"skip":true},{"start":{"line":0,"column":0},"end":{"line":0,"column":0},"skip":true}]},"3":{"line":105,"type":"if","locations":[{"start":{"line":0,"column":0},"end":{"line":0,"column":0},"skip":true},{"start":{"line":0,"column":0},"end":{"line":0,"column":0},"skip":true}]}},"code":["/*"," * This is a demo component the Eletrode app generator included"," * to show using Skeleton CSS lib (named base.css) and Redux"," * store for display HTML elements and managing states."," *"," * To start your own app, please replace or remove these files:"," *"," * - this file (home.jsx)"," * - demo-buttons.jsx"," * - demo-pure-states.jsx"," * - demo-states.jsx"," * - reducers/index.jsx"," * - styles/*.css"," *"," */","","import React from \"react\";","import \"../styles/normalize.css\";","import \"../styles/raleway.css\";","import skeleton from \"../styles/skeleton.css\";","import custom from \"../styles/custom.css\";","import electrodePng from \"../images/electrode.png\";","import DemoStates from \"./demo-states\";","import DemoPureStates from \"./demo-pure-states\";","import { DemoButtons } from \"./demo-buttons\";","/**/","import Notifications from \"react-notify-toast\";","/**/","","export default () =>","  <div className={custom.container}>","    {/**/}","    <Notifications />","    {/**/}","","    <section className={custom.header}>","      <h2 className={skeleton.title}>","        Hello from {\" \"}","        <a href=\"https://github.com/electrode-io\">{\"Electrode\"} <img src={electrodePng} /></a>","      </h2>","    </section>","","    <div className={custom[\"docs-section\"]}>","      <DemoStates />","    </div>","","    <div className={custom[\"docs-section\"]}>","      <DemoPureStates />","    </div>","","    <div className={custom[\"docs-section\"]}>","      <DemoButtons />","    </div>","  </div>;",""],"l":{"0":7,"17":1,"18":1,"19":1,"20":1,"21":1,"22":1,"23":1,"24":1,"25":1,"27":1,"30":1}},
"/Users/al/Desktop/electrode/electrode/src/client/reducers/index.jsx":{"path":"/Users/al/Desktop/electrode/electrode/src/client/reducers/index.jsx","s":{"1":1,"2":1,"3":1,"4":3,"5":0,"6":3,"7":1,"8":3,"9":0,"10":3,"11":0,"12":3,"13":1,"14":1,"15":1,"16":1,"17":1,"18":0,"19":0,"20":0},"b":{"1":[0,3],"2":[3,2],"3":[0,3],"4":[0,3],"5":[3,2],"6":[1,0]},"f":{"1":3,"2":3,"3":1},"fnMap":{"1":{"name":"checkBox","line":7,"loc":{"start":{"line":3,"column":17},"end":{"line":3,"column":36}}},"2":{"name":"number","line":17,"loc":{"start":{"line":13,"column":15},"end":{"line":13,"column":34}}},"3":{"name":"(anonymous_3)","line":39,"loc":{"start":{"line":0,"column":0},"end":{"line":0,"column":0},"skip":true},"skip":true}},"statementMap":{"1":{"start":{"line":0,"column":0},"end":{"line":0,"column":0},"skip":true},"2":{"start":{"line":1,"column":0},"end":{"line":1,"column":0}},"3":{"start":{"line":3,"column":0},"end":{"line":3,"column":0}},"4":{"start":{"line":4,"column":2},"end":{"line":8,"column":3}},"5":{"start":{"line":5,"column":4},"end":{"line":5,"column":4}},"6":{"start":{"line":10,"column":2},"end":{"line":10,"column":2}},"7":{"start":{"line":13,"column":0},"end":{"line":13,"column":0}},"8":{"start":{"line":14,"column":2},"end":{"line":22,"column":3}},"9":{"start":{"line":15,"column":4},"end":{"line":15,"column":4}},"10":{"start":{"line":18,"column":9},"end":{"line":22,"column":3}},"11":{"start":{"line":19,"column":4},"end":{"line":19,"column":4}},"12":{"start":{"line":24,"column":2},"end":{"line":24,"column":2}},"13":{"start":{"line":0,"column":0},"end":{"line":0,"column":0},"skip":true},"14":{"start":{"line":0,"column":0},"end":{"line":0,"column":0},"skip":true},"15":{"start":{"line":0,"column":0},"end":{"line":0,"column":0},"skip":true},"16":{"start":{"line":0,"column":0},"end":{"line":0,"column":0},"skip":true},"17":{"start":{"line":0,"column":0},"end":{"line":0,"column":0},"skip":true},"18":{"start":{"line":0,"column":0},"end":{"line":0,"column":0},"skip":true},"19":{"start":{"line":0,"column":0},"end":{"line":0,"column":0},"skip":true},"20":{"start":{"line":0,"column":0},"end":{"line":0,"column":0},"skip":true}},"branchMap":{"1":{"line":8,"type":"if","locations":[{"start":{"line":4,"column":2},"end":{"line":4,"column":2}},{"start":{"line":4,"column":2},"end":{"line":4,"column":2}}]},"2":{"line":14,"type":"binary-expr","locations":[{"start":{"line":10,"column":9},"end":{"line":10,"column":9}},{"start":{"line":10,"column":18},"end":{"line":10,"column":2}}]},"3":{"line":18,"type":"if","locations":[{"start":{"line":14,"column":2},"end":{"line":14,"column":2}},{"start":{"line":14,"column":2},"end":{"line":14,"column":2}}]},"4":{"line":22,"type":"if","locations":[{"start":{"line":18,"column":9},"end":{"line":18,"column":9}},{"start":{"line":18,"column":9},"end":{"line":18,"column":9}}]},"5":{"line":28,"type":"binary-expr","locations":[{"start":{"line":24,"column":9},"end":{"line":24,"column":9}},{"start":{"line":24,"column":18},"end":{"line":24,"column":2}}]},"6":{"line":40,"type":"if","locations":[{"start":{"line":0,"column":0},"end":{"line":0,"column":0},"skip":true},{"start":{"line":0,"column":0},"end":{"line":0,"column":0},"skip":true}]}},"code":["import {combineReducers} from \"redux\";","","const checkBox = (store, action) => {","  if (action.type === \"TOGGLE_CHECK\") {","    return {","      checked: !store.checked","    };","  }","","  return store || {checked: false};","};","","const number = (store, action) => {","  if (action.type === \"INC_NUMBER\") {","    return {","      value: store.value + 1","    };","  } else if (action.type === \"DEC_NUMBER\") {","    return {","      value: store.value - 1","    };","  }","","  return store || {value: 0};","};","","export default combineReducers({","  checkBox,","  number","});",""],"l":{"0":1,"1":1,"3":1,"4":3,"5":0,"10":3,"13":1,"14":3,"15":0,"18":3,"19":0,"24":3}},
"/Users/al/Desktop/electrode/electrode/src/client/routes.jsx":{"path":"/Users/al/Desktop/electrode/electrode/src/client/routes.jsx","s":{"1":1,"2":1,"3":1,"4":1,"5":1,"6":1,"7":1,"8":1,"9":2,"10":1,"11":1,"12":1,"13":1,"14":0},"b":{"1":[1,1],"2":[2,2],"3":[1,0]},"f":{"1":2,"2":1},"fnMap":{"1":{"name":"_interopRequireDefault","line":16,"loc":{"start":{"line":0,"column":0},"end":{"line":0,"column":0},"skip":true},"skip":true},"2":{"name":"(anonymous_2)","line":21,"loc":{"start":{"line":0,"column":0},"end":{"line":0,"column":0},"skip":true},"skip":true}},"statementMap":{"1":{"start":{"line":0,"column":0},"end":{"line":0,"column":0},"skip":true},"2":{"start":{"line":0,"column":0},"end":{"line":0,"column":0},"skip":true},"3":{"start":{"line":1,"column":0},"end":{"line":1,"column":0}},"4":{"start":{"line":0,"column":0},"end":{"line":0,"column":0},"skip":true},"5":{"start":{"line":2,"column":0},"end":{"line":2,"column":0}},"6":{"start":{"line":3,"column":0},"end":{"line":3,"column":0}},"7":{"start":{"line":0,"column":0},"end":{"line":0,"column":0},"skip":true},"8":{"start":{"line":0,"column":0},"end":{"line":0,"column":0},"skip":true},"9":{"start":{"line":0,"column":0},"end":{"line":0,"column":0},"skip":true},"10":{"start":{"line":5,"column":7},"end":{"line":5,"column":7}},"11":{"start":{"line":0,"column":0},"end":{"line":0,"column":0},"skip":true},"12":{"start":{"line":0,"column":0},"end":{"line":0,"column":0},"skip":true},"13":{"start":{"line":0,"column":0},"end":{"line":0,"column":0},"skip":true},"14":{"start":{"line":0,"column":0},"end":{"line":0,"column":0},"skip":true}},"branchMap":{"1":{"line":16,"type":"cond-expr","locations":[{"start":{"line":0,"column":0},"end":{"line":0,"column":0},"skip":true},{"start":{"line":0,"column":0},"end":{"line":0,"column":0},"skip":true}]},"2":{"line":16,"type":"binary-expr","locations":[{"start":{"line":0,"column":0},"end":{"line":0,"column":0},"skip":true},{"start":{"line":0,"column":0},"end":{"line":0,"column":0},"skip":true}]},"3":{"line":22,"type":"if","locations":[{"start":{"line":0,"column":0},"end":{"line":0,"column":0},"skip":true},{"start":{"line":0,"column":0},"end":{"line":0,"column":0},"skip":true}]}},"code":["import React from \"react\";","import { Route } from \"react-router\";","import Home from \"./components/home\";","","export const routes = <Route path=\"/\" component={Home} />;",""],"l":{"0":2,"1":1,"2":1,"3":1,"5":1}},
"/Users/al/Desktop/electrode/electrode/src/client/sw-registration.js":{"path":"/Users/al/Desktop/electrode/electrode/src/client/sw-registration.js","s":{"1":1,"2":0,"3":0,"4":0,"5":0,"6":0,"7":0,"8":0,"9":0,"10":0,"11":0,"12":0,"13":0,"14":0,"15":0,"16":0,"17":0,"18":0,"19":0,"20":0,"21":0,"22":0,"23":0,"24":1,"25":1,"26":1},"b":{"1":[0,0],"2":[0,0],"3":[0,0,0,0,0],"4":[0,0],"5":[1,0]},"f":{"1":0,"2":0,"3":0,"4":0,"5":0,"6":1},"fnMap":{"1":{"name":"(anonymous_1)","line":6,"loc":{"start":{"line":4,"column":17},"end":{"line":4,"column":27}}},"2":{"name":"(anonymous_2)","line":15,"loc":{"start":{"line":14,"column":12},"end":{"line":14,"column":28}}},"3":{"name":"(anonymous_3)","line":19,"loc":{"start":{"line":18,"column":37},"end":{"line":18,"column":48}}},"4":{"name":"(anonymous_4)","line":23,"loc":{"start":{"line":22,"column":43},"end":{"line":22,"column":54}}},"5":{"name":"(anonymous_5)","line":54,"loc":{"start":{"line":53,"column":13},"end":{"line":53,"column":20}}},"6":{"name":"(anonymous_6)","line":61,"loc":{"start":{"line":0,"column":0},"end":{"line":0,"column":0},"skip":true},"skip":true}},"statementMap":{"1":{"start":{"line":4,"column":0},"end":{"line":4,"column":0}},"2":{"start":{"line":6,"column":2},"end":{"line":8,"column":3}},"3":{"start":{"line":7,"column":4},"end":{"line":7,"column":4}},"4":{"start":{"line":10,"column":2},"end":{"line":56,"column":3}},"5":{"start":{"line":11,"column":4},"end":{"line":11,"column":4}},"6":{"start":{"line":18,"column":8},"end":{"line":18,"column":8}},"7":{"start":{"line":19,"column":10},"end":{"line":19,"column":10}},"8":{"start":{"line":22,"column":10},"end":{"line":22,"column":10}},"9":{"start":{"line":23,"column":12},"end":{"line":23,"column":12}},"10":{"start":{"line":25,"column":16},"end":{"line":25,"column":16}},"11":{"start":{"line":26,"column":16},"end":{"line":26,"column":16}},"12":{"start":{"line":28,"column":16},"end":{"line":28,"column":16}},"13":{"start":{"line":33,"column":16},"end":{"line":37,"column":17}},"14":{"start":{"line":34,"column":18},"end":{"line":34,"column":18}},"15":{"start":{"line":36,"column":18},"end":{"line":36,"column":18}},"16":{"start":{"line":38,"column":16},"end":{"line":38,"column":16}},"17":{"start":{"line":40,"column":16},"end":{"line":40,"column":16}},"18":{"start":{"line":41,"column":16},"end":{"line":41,"column":16}},"19":{"start":{"line":43,"column":16},"end":{"line":43,"column":16}},"20":{"start":{"line":44,"column":16},"end":{"line":44,"column":16}},"21":{"start":{"line":46,"column":16},"end":{"line":46,"column":16}},"22":{"start":{"line":47,"column":16},"end":{"line":47,"column":16}},"23":{"start":{"line":54,"column":8},"end":{"line":54,"column":8}},"24":{"start":{"line":0,"column":0},"end":{"line":0,"column":0},"skip":true},"25":{"start":{"line":0,"column":0},"end":{"line":0,"column":0},"skip":true},"26":{"start":{"line":0,"column":0},"end":{"line":0,"column":0},"skip":true}},"branchMap":{"1":{"line":8,"type":"if","locations":[{"start":{"line":6,"column":2},"end":{"line":6,"column":2}},{"start":{"line":6,"column":2},"end":{"line":6,"column":2}}]},"2":{"line":12,"type":"if","locations":[{"start":{"line":10,"column":2},"end":{"line":10,"column":2}},{"start":{"line":10,"column":2},"end":{"line":10,"column":2}}]},"3":{"line":24,"type":"switch","locations":[{"start":{"line":24,"column":14},"end":{"line":26,"column":16}},{"start":{"line":27,"column":14},"end":{"line":38,"column":16}},{"start":{"line":39,"column":14},"end":{"line":41,"column":16}},{"start":{"line":42,"column":14},"end":{"line":44,"column":16}},{"start":{"line":45,"column":14},"end":{"line":47,"column":16}}]},"4":{"line":34,"type":"if","locations":[{"start":{"line":33,"column":16},"end":{"line":33,"column":16}},{"start":{"line":33,"column":16},"end":{"line":33,"column":16}}]},"5":{"line":62,"type":"if","locations":[{"start":{"line":0,"column":0},"end":{"line":0,"column":0},"skip":true},{"start":{"line":0,"column":0},"end":{"line":0,"column":0},"skip":true}]}},"code":["/* eslint-env browser */","/* eslint-disable no-console */","","module.exports = notify => {","  // Exit early if the navigator isn't available","  if (typeof navigator === \"undefined\") {","    return;","  }","  // Feature check if service workers are supported.","  if (\"serviceWorker\" in navigator) {","    navigator.serviceWorker","      .register(\"sw.js\", { scope: \"./\" })","      // Service worker registration was successful","      .then(registration => {","        // The updatefound event is dispatched when the installing","        // worker changes. This new worker will potentially become","        // the active worker if the install process completes.","        registration.onupdatefound = function() {","          const installingWorker = registration.installing;","          // Listen for state changes on the installing worker so","          // we know when it has completed.","          installingWorker.onstatechange = function() {","            switch (installingWorker.state) {","              case \"installing\":","                console.log(\"Installing a new service worker...\");","                break;","              case \"installed\":","                console.log(\"Service worker installed\");","                // We check the active controller which tells us if","                // new content is available, or the current service worker","                // is up to date (?)","                // TODO: Figure out why this is the case","                if (navigator.serviceWorker.controller) {","                  notify.show(\"New or updated content is available, refresh!\", \"warning\");","                } else {","                  notify.show(\"Content is now available offline!\", \"success\");","                }","                break;","              case \"activating\":","                console.log(\"Activating a service worker...\");","                break;","              case \"activated\":","                console.log(\"Successfully activated service worker\");","                break;","              case \"redundant\":","                console.log(\"Service worker has become redundant\");","                break;","            }","          };","        };","      })","      // Service worker registration failed","      .catch(err => {","        console.log(\"Service worker registration failed: \", err);","      });","  }","};",""],"l":{"0":1,"4":1,"6":0,"7":0,"10":0,"11":0,"18":0,"19":0,"22":0,"23":0,"25":0,"26":0,"28":0,"33":0,"34":0,"36":0,"38":0,"40":0,"41":0,"43":0,"44":0,"46":0,"47":0,"54":0}}}
