TN:
SF:/Users/al/Desktop/electrode/electrode/src/client/actions/index.jsx
FN:4,toggleCheck
FN:10,incNumber
FN:16,decNumber
FN:23,(anonymous_4)
FNF:4
FNH:1
FNDA:0,toggleCheck
FNDA:0,incNumber
FNDA:0,decNumber
FNDA:1,(anonymous_4)
DA:0,1
DA:1,1
DA:2,0
DA:7,1
DA:8,0
DA:13,1
DA:14,0
LF:7
LH:4
BRDA:24,1,0,1
BRDA:24,1,1,0
BRF:2
BRH:2
end_of_record
TN:
SF:/Users/al/Desktop/electrode/electrode/src/client/components/demo-buttons.jsx
FN:18,_interopRequireDefault
FN:24,DemoButtons
FN:74,(anonymous_3)
FNF:3
FNH:3
FNDA:3,_interopRequireDefault
FNDA:1,DemoButtons
FNDA:1,(anonymous_3)
DA:0,3
DA:1,1
DA:2,1
DA:3,1
DA:9,1
LF:5
LH:5
BRDA:18,1,0,0
BRDA:18,1,1,3
BRDA:18,2,0,3
BRDA:18,2,1,3
BRDA:75,3,0,1
BRDA:75,3,1,0
BRF:6
BRH:6
end_of_record
TN:
SF:/Users/al/Desktop/electrode/electrode/src/client/components/demo-pure-states.jsx
FN:21,_interopRequireDefault
FN:23,DemoPureStates
FN:40,onChange
FN:62,onClick
FN:74,onClick
FN:92,mapStateToProps
FN:99,(anonymous_7)
FN:106,(anonymous_8)
FNF:8
FNH:5
FNDA:3,_interopRequireDefault
FNDA:1,DemoPureStates
FNDA:0,onChange
FNDA:0,onClick
FNDA:0,onClick
FNDA:1,mapStateToProps
FNDA:1,(anonymous_7)
FNDA:1,(anonymous_8)
DA:0,3
DA:6,1
DA:7,1
DA:8,1
DA:9,1
DA:10,1
DA:12,1
DA:14,1
DA:19,0
DA:29,0
DA:33,0
DA:39,1
DA:45,1
DA:46,1
DA:52,1
LF:15
LH:12
BRDA:21,1,0,0
BRDA:21,1,1,3
BRDA:21,2,0,3
BRDA:21,2,1,3
BRDA:55,3,0,0
BRDA:55,3,1,1
BRDA:107,4,0,1
BRDA:107,4,1,0
BRF:8
BRH:7
end_of_record
TN:
SF:/Users/al/Desktop/electrode/electrode/src/client/components/demo-states.jsx
FN:41,_interopRequireDefault
FN:43,(anonymous_2)
FN:46,DemoStates
FN:53,render
FN:71,onChange
FN:93,onClick
FN:105,onClick
FN:123,mapStateToProps
FN:130,(anonymous_9)
FN:137,(anonymous_10)
FNF:10
FNH:7
FNDA:8,_interopRequireDefault
FNDA:1,(anonymous_2)
FNDA:1,DemoStates
FNDA:1,render
FNDA:0,onChange
FNDA:0,onClick
FNDA:0,onClick
FNDA:1,mapStateToProps
FNDA:1,(anonymous_9)
FNDA:1,(anonymous_10)
DA:0,8
DA:1,1
DA:2,1
DA:3,1
DA:4,1
DA:5,1
DA:8,1
DA:10,1
DA:15,0
DA:25,0
DA:29,0
DA:36,1
DA:42,1
DA:43,1
DA:49,1
LF:15
LH:12
BRDA:41,1,0,5
BRDA:41,1,1,3
BRDA:41,2,0,8
BRDA:41,2,1,8
BRDA:48,3,0,1
BRDA:48,3,1,0
BRDA:86,4,0,0
BRDA:86,4,1,1
BRDA:138,5,0,1
BRDA:138,5,1,0
BRF:10
BRH:9
end_of_record
TN:
SF:/Users/al/Desktop/electrode/electrode/src/client/components/home.jsx
FN:39,_interopRequireDefault
FN:59,_default
FN:104,(anonymous_3)
FNF:3
FNH:3
FNDA:7,_interopRequireDefault
FNDA:1,_default
FNDA:1,(anonymous_3)
DA:0,7
DA:17,1
DA:18,1
DA:19,1
DA:20,1
DA:21,1
DA:22,1
DA:23,1
DA:24,1
DA:25,1
DA:27,1
DA:30,1
LF:12
LH:12
BRDA:39,1,0,3
BRDA:39,1,1,4
BRDA:39,2,0,7
BRDA:39,2,1,7
BRDA:105,3,0,1
BRDA:105,3,1,0
BRF:6
BRH:6
end_of_record
TN:
SF:/Users/al/Desktop/electrode/electrode/src/client/reducers/index.jsx
FN:7,checkBox
FN:17,number
FN:39,(anonymous_3)
FNF:3
FNH:3
FNDA:3,checkBox
FNDA:3,number
FNDA:1,(anonymous_3)
DA:0,1
DA:1,1
DA:3,1
DA:4,3
DA:5,0
DA:10,3
DA:13,1
DA:14,3
DA:15,0
DA:18,3
DA:19,0
DA:24,3
LF:12
LH:9
BRDA:8,1,0,0
BRDA:8,1,1,3
BRDA:14,2,0,3
BRDA:14,2,1,2
BRDA:18,3,0,0
BRDA:18,3,1,3
BRDA:22,4,0,0
BRDA:22,4,1,3
BRDA:28,5,0,3
BRDA:28,5,1,2
BRDA:40,6,0,1
BRDA:40,6,1,0
BRF:12
BRH:9
end_of_record
TN:
SF:/Users/al/Desktop/electrode/electrode/src/client/routes.jsx
FN:16,_interopRequireDefault
FN:21,(anonymous_2)
FNF:2
FNH:2
FNDA:2,_interopRequireDefault
FNDA:1,(anonymous_2)
DA:0,2
DA:1,1
DA:2,1
DA:3,1
DA:5,1
LF:5
LH:5
BRDA:16,1,0,1
BRDA:16,1,1,1
BRDA:16,2,0,2
BRDA:16,2,1,2
BRDA:22,3,0,1
BRDA:22,3,1,0
BRF:6
BRH:6
end_of_record
TN:
SF:/Users/al/Desktop/electrode/electrode/src/client/sw-registration.js
FN:6,(anonymous_1)
FN:15,(anonymous_2)
FN:19,(anonymous_3)
FN:23,(anonymous_4)
FN:54,(anonymous_5)
FN:61,(anonymous_6)
FNF:6
FNH:1
FNDA:0,(anonymous_1)
FNDA:0,(anonymous_2)
FNDA:0,(anonymous_3)
FNDA:0,(anonymous_4)
FNDA:0,(anonymous_5)
FNDA:1,(anonymous_6)
DA:0,1
DA:4,1
DA:6,0
DA:7,0
DA:10,0
DA:11,0
DA:18,0
DA:19,0
DA:22,0
DA:23,0
DA:25,0
DA:26,0
DA:28,0
DA:33,0
DA:34,0
DA:36,0
DA:38,0
DA:40,0
DA:41,0
DA:43,0
DA:44,0
DA:46,0
DA:47,0
DA:54,0
LF:24
LH:2
BRDA:8,1,0,0
BRDA:8,1,1,0
BRDA:12,2,0,0
BRDA:12,2,1,0
BRDA:24,3,0,0
BRDA:24,3,1,0
BRDA:24,3,2,0
BRDA:24,3,3,0
BRDA:24,3,4,0
BRDA:34,4,0,0
BRDA:34,4,1,0
BRDA:62,5,0,1
BRDA:62,5,1,0
BRF:13
BRH:2
end_of_record
